Построение начато 07.12.2017 1:02:40.
     1>Проект "C:\Users\Ivan\Desktop\Учеба17-18\Технология программирования\Git\SashaIvan\Calculartor\Calculartor\Calculartor.vcxproj" в узле 2 (целевые объекты build).
     1>PrepareForBuild:
         Создание каталога "C:\Users\Ivan\Desktop\Учеба17-18\Технология программирования\Git\SashaIvan\Calculartor\Debug\".
       InitializeBuildStatus:
         Обращение к "Debug\Calculartor.unsuccessfulbuild".
       ClCompile:
         C:\Program Files (x86)\Microsoft Visual Studio 10.0\VC\bin\CL.exe /c /ZI /nologo /W3 /WX- /Od /Oy- /D WIN32 /D _DEBUG /D _CONSOLE /D _UNICODE /D UNICODE /Gm /EHsc /RTC1 /MDd /GS /fp:precise /Zc:wchar_t /Zc:forScope /Yc"StdAfx.h" /Fp"Debug\Calculartor.pch" /Fo"Debug\\" /Fd"Debug\vc100.pdb" /Gd /TP /analyze- /errorReport:prompt stdafx.cpp
         stdafx.cpp
         C:\Program Files (x86)\Microsoft Visual Studio 10.0\VC\bin\CL.exe /c /ZI /nologo /W3 /WX- /Od /Oy- /D WIN32 /D _DEBUG /D _CONSOLE /D _UNICODE /D UNICODE /Gm /EHsc /RTC1 /MDd /GS /fp:precise /Zc:wchar_t /Zc:forScope /Yu"StdAfx.h" /Fp"Debug\Calculartor.pch" /Fo"Debug\\" /Fd"Debug\vc100.pdb" /Gd /TP /analyze- /errorReport:prompt Calculartor.cpp Functions.cpp
         Functions.cpp
         Calculartor.cpp
         Создание кода...
       ManifestResourceCompile:
         C:\Program Files (x86)\Microsoft SDKs\Windows\v7.0A\bin\rc.exe /nologo /fo"Debug\Calculartor.exe.embed.manifest.res" Debug\Calculartor_manifest.rc 
       Link:
         C:\Program Files (x86)\Microsoft Visual Studio 10.0\VC\bin\link.exe /ERRORREPORT:PROMPT /OUT:"C:\Users\Ivan\Desktop\Учеба17-18\Технология программирования\Git\SashaIvan\Calculartor\Debug\Calculartor.exe" /INCREMENTAL /NOLOGO kernel32.lib user32.lib gdi32.lib winspool.lib comdlg32.lib advapi32.lib shell32.lib ole32.lib oleaut32.lib uuid.lib odbc32.lib odbccp32.lib /MANIFEST /ManifestFile:"Debug\Calculartor.exe.intermediate.manifest" /MANIFESTUAC:"level='asInvoker' uiAccess='false'" /DEBUG /PDB:"C:\Users\Ivan\Desktop\Учеба17-18\Технология программирования\Git\SashaIvan\Calculartor\Debug\Calculartor.pdb" /SUBSYSTEM:CONSOLE /TLBID:1 /DYNAMICBASE /NXCOMPAT /IMPLIB:"C:\Users\Ivan\Desktop\Учеба17-18\Технология программирования\Git\SashaIvan\Calculartor\Debug\Calculartor.lib" /MACHINE:X86 Debug\Calculartor.exe.embed.manifest.res
         Debug\Calculartor.obj
         Debug\Functions.obj
         Debug\stdafx.obj
       Manifest:
         C:\Program Files (x86)\Microsoft SDKs\Windows\v7.0A\bin\mt.exe /nologo /verbose /out:"Debug\Calculartor.exe.embed.manifest" /manifest Debug\Calculartor.exe.intermediate.manifest
         C:\Program Files (x86)\Microsoft SDKs\Windows\v7.0A\bin\rc.exe /nologo /fo"Debug\Calculartor.exe.embed.manifest.res" Debug\Calculartor_manifest.rc 
       LinkEmbedManifest:
         C:\Program Files (x86)\Microsoft Visual Studio 10.0\VC\bin\link.exe /ERRORREPORT:PROMPT /OUT:"C:\Users\Ivan\Desktop\Учеба17-18\Технология программирования\Git\SashaIvan\Calculartor\Debug\Calculartor.exe" /INCREMENTAL /NOLOGO kernel32.lib user32.lib gdi32.lib winspool.lib comdlg32.lib advapi32.lib shell32.lib ole32.lib oleaut32.lib uuid.lib odbc32.lib odbccp32.lib /MANIFEST /ManifestFile:"Debug\Calculartor.exe.intermediate.manifest" /MANIFESTUAC:"level='asInvoker' uiAccess='false'" /DEBUG /PDB:"C:\Users\Ivan\Desktop\Учеба17-18\Технология программирования\Git\SashaIvan\Calculartor\Debug\Calculartor.pdb" /SUBSYSTEM:CONSOLE /TLBID:1 /DYNAMICBASE /NXCOMPAT /IMPLIB:"C:\Users\Ivan\Desktop\Учеба17-18\Технология программирования\Git\SashaIvan\Calculartor\Debug\Calculartor.lib" /MACHINE:X86 Debug\Calculartor.exe.embed.manifest.res
         Debug\Calculartor.obj
         Debug\Functions.obj
         Debug\stdafx.obj
         Calculartor.vcxproj -> C:\Users\Ivan\Desktop\Учеба17-18\Технология программирования\Git\SashaIvan\Calculartor\Debug\Calculartor.exe
       FinalizeBuildStatus:
         Файл "Debug\Calculartor.unsuccessfulbuild" удаляется.
         Обращение к "Debug\Calculartor.lastbuildstate".
     1>Построение проекта "C:\Users\Ivan\Desktop\Учеба17-18\Технология программирования\Git\SashaIvan\Calculartor\Calculartor\Calculartor.vcxproj" завершено (целевые объекты build).

Построение успешно завершено.

Затраченное время: 00:00:07.57
